{"/Users/dmoka/dev/ticket-bay/src/booking.ts": {"path":"/Users/dmoka/dev/ticket-bay/src/booking.ts","all":false,"statementMap":{"12":{"start":{"line":13,"column":0},"end":{"line":13,"column":51}},"13":{"start":{"line":14,"column":0},"end":{"line":14,"column":44}},"14":{"start":{"line":15,"column":0},"end":{"line":15,"column":29}},"15":{"start":{"line":16,"column":0},"end":{"line":16,"column":1}},"18":{"start":{"line":19,"column":0},"end":{"line":19,"column":79}},"19":{"start":{"line":20,"column":0},"end":{"line":20,"column":68}},"20":{"start":{"line":21,"column":0},"end":{"line":21,"column":71}},"21":{"start":{"line":22,"column":0},"end":{"line":22,"column":34}},"22":{"start":{"line":23,"column":0},"end":{"line":23,"column":64}},"23":{"start":{"line":24,"column":0},"end":{"line":24,"column":86}},"24":{"start":{"line":25,"column":0},"end":{"line":25,"column":1}},"27":{"start":{"line":28,"column":0},"end":{"line":28,"column":50}},"28":{"start":{"line":29,"column":0},"end":{"line":29,"column":25}},"29":{"start":{"line":30,"column":0},"end":{"line":30,"column":23}},"30":{"start":{"line":31,"column":0},"end":{"line":31,"column":11}},"31":{"start":{"line":32,"column":0},"end":{"line":32,"column":1}}},"s":{"12":1,"13":5,"14":5,"15":5,"18":1,"19":4,"20":4,"21":2,"22":2,"23":2,"24":2,"27":1,"28":3,"29":3,"30":1,"31":1},"branchMap":{"0":{"type":"branch","line":13,"loc":{"start":{"line":13,"column":7},"end":{"line":16,"column":1}},"locations":[{"start":{"line":13,"column":7},"end":{"line":16,"column":1}}]},"1":{"type":"branch","line":15,"loc":{"start":{"line":15,"column":16},"end":{"line":15,"column":27}},"locations":[{"start":{"line":15,"column":16},"end":{"line":15,"column":27}}]},"2":{"type":"branch","line":15,"loc":{"start":{"line":15,"column":20},"end":{"line":15,"column":29}},"locations":[{"start":{"line":15,"column":20},"end":{"line":15,"column":29}}]},"3":{"type":"branch","line":19,"loc":{"start":{"line":19,"column":7},"end":{"line":25,"column":1}},"locations":[{"start":{"line":19,"column":7},"end":{"line":25,"column":1}}]},"4":{"type":"branch","line":20,"loc":{"start":{"line":20,"column":14},"end":{"line":20,"column":68}},"locations":[{"start":{"line":20,"column":14},"end":{"line":20,"column":68}}]},"5":{"type":"branch","line":20,"loc":{"start":{"line":20,"column":66},"end":{"line":21,"column":36}},"locations":[{"start":{"line":20,"column":66},"end":{"line":21,"column":36}}]},"6":{"type":"branch","line":21,"loc":{"start":{"line":21,"column":30},"end":{"line":21,"column":71}},"locations":[{"start":{"line":21,"column":30},"end":{"line":21,"column":71}}]},"7":{"type":"branch","line":21,"loc":{"start":{"line":21,"column":69},"end":{"line":25,"column":1}},"locations":[{"start":{"line":21,"column":69},"end":{"line":25,"column":1}}]},"8":{"type":"branch","line":28,"loc":{"start":{"line":28,"column":7},"end":{"line":32,"column":1}},"locations":[{"start":{"line":28,"column":7},"end":{"line":32,"column":1}}]},"9":{"type":"branch","line":29,"loc":{"start":{"line":29,"column":15},"end":{"line":29,"column":25}},"locations":[{"start":{"line":29,"column":15},"end":{"line":29,"column":25}}]},"10":{"type":"branch","line":29,"loc":{"start":{"line":29,"column":22},"end":{"line":30,"column":21}},"locations":[{"start":{"line":29,"column":22},"end":{"line":30,"column":21}}]},"11":{"type":"branch","line":30,"loc":{"start":{"line":30,"column":14},"end":{"line":32,"column":1}},"locations":[{"start":{"line":30,"column":14},"end":{"line":32,"column":1}}]}},"b":{"0":[5],"1":[4],"2":[1],"3":[4],"4":[1],"5":[3],"6":[1],"7":[2],"8":[3],"9":[1],"10":[2],"11":[1]},"fnMap":{"0":{"name":"seatsAvailable","decl":{"start":{"line":13,"column":7},"end":{"line":16,"column":1}},"loc":{"start":{"line":13,"column":7},"end":{"line":16,"column":1}},"line":13},"1":{"name":"bookTickets","decl":{"start":{"line":19,"column":7},"end":{"line":25,"column":1}},"loc":{"start":{"line":19,"column":7},"end":{"line":25,"column":1}},"line":19},"2":{"name":"groupDiscount","decl":{"start":{"line":28,"column":7},"end":{"line":32,"column":1}},"loc":{"start":{"line":28,"column":7},"end":{"line":32,"column":1}},"line":28}},"f":{"0":5,"1":4,"2":3}}
,"/Users/dmoka/dev/ticket-bay/src/fees.ts": {"path":"/Users/dmoka/dev/ticket-bay/src/fees.ts","all":false,"statementMap":{"1":{"start":{"line":2,"column":0},"end":{"line":2,"column":56}},"2":{"start":{"line":3,"column":0},"end":{"line":3,"column":44}},"3":{"start":{"line":4,"column":0},"end":{"line":4,"column":28}},"4":{"start":{"line":5,"column":0},"end":{"line":5,"column":30}},"5":{"start":{"line":6,"column":0},"end":{"line":6,"column":13}},"6":{"start":{"line":7,"column":0},"end":{"line":7,"column":1}},"9":{"start":{"line":10,"column":0},"end":{"line":10,"column":77}},"10":{"start":{"line":11,"column":0},"end":{"line":11,"column":70}},"11":{"start":{"line":12,"column":0},"end":{"line":12,"column":1}}},"s":{"1":1,"2":3,"3":3,"4":3,"5":1,"6":1,"9":1,"10":2,"11":2},"branchMap":{"0":{"type":"branch","line":2,"loc":{"start":{"line":2,"column":7},"end":{"line":7,"column":1}},"locations":[{"start":{"line":2,"column":7},"end":{"line":7,"column":1}}]},"1":{"type":"branch","line":4,"loc":{"start":{"line":4,"column":17},"end":{"line":4,"column":28}},"locations":[{"start":{"line":4,"column":17},"end":{"line":4,"column":28}}]},"2":{"type":"branch","line":4,"loc":{"start":{"line":4,"column":24},"end":{"line":5,"column":25}},"locations":[{"start":{"line":4,"column":24},"end":{"line":5,"column":25}}]},"3":{"type":"branch","line":5,"loc":{"start":{"line":5,"column":18},"end":{"line":7,"column":1}},"locations":[{"start":{"line":5,"column":18},"end":{"line":7,"column":1}}]},"4":{"type":"branch","line":10,"loc":{"start":{"line":10,"column":7},"end":{"line":12,"column":1}},"locations":[{"start":{"line":10,"column":7},"end":{"line":12,"column":1}}]}},"b":{"0":[3],"1":[1],"2":[2],"3":[1],"4":[2]},"fnMap":{"0":{"name":"serviceFee","decl":{"start":{"line":2,"column":7},"end":{"line":7,"column":1}},"loc":{"start":{"line":2,"column":7},"end":{"line":7,"column":1}},"line":2},"1":{"name":"vatPortion","decl":{"start":{"line":10,"column":7},"end":{"line":12,"column":1}},"loc":{"start":{"line":10,"column":7},"end":{"line":12,"column":1}},"line":10}},"f":{"0":3,"1":2}}
,"/Users/dmoka/dev/ticket-bay/src/refund.ts": {"path":"/Users/dmoka/dev/ticket-bay/src/refund.ts","all":false,"statementMap":{"18":{"start":{"line":19,"column":0},"end":{"line":19,"column":89}},"19":{"start":{"line":20,"column":0},"end":{"line":20,"column":83}},"20":{"start":{"line":21,"column":0},"end":{"line":21,"column":59}},"21":{"start":{"line":22,"column":0},"end":{"line":22,"column":3}},"22":{"start":{"line":23,"column":0},"end":{"line":23,"column":63}},"23":{"start":{"line":24,"column":0},"end":{"line":24,"column":64}},"24":{"start":{"line":25,"column":0},"end":{"line":25,"column":3}},"25":{"start":{"line":26,"column":0},"end":{"line":26,"column":65}},"26":{"start":{"line":27,"column":0},"end":{"line":27,"column":50}},"27":{"start":{"line":28,"column":0},"end":{"line":28,"column":3}},"28":{"start":{"line":29,"column":0},"end":{"line":29,"column":36}},"29":{"start":{"line":30,"column":0},"end":{"line":30,"column":13}},"30":{"start":{"line":31,"column":0},"end":{"line":31,"column":3}},"31":{"start":{"line":32,"column":0},"end":{"line":32,"column":68}},"32":{"start":{"line":33,"column":0},"end":{"line":33,"column":1}},"35":{"start":{"line":36,"column":0},"end":{"line":36,"column":56}},"36":{"start":{"line":37,"column":0},"end":{"line":37,"column":45}},"37":{"start":{"line":38,"column":0},"end":{"line":38,"column":30}},"38":{"start":{"line":39,"column":0},"end":{"line":39,"column":1}},"41":{"start":{"line":42,"column":0},"end":{"line":42,"column":83}},"42":{"start":{"line":43,"column":0},"end":{"line":43,"column":58}},"43":{"start":{"line":44,"column":0},"end":{"line":44,"column":29}},"44":{"start":{"line":45,"column":0},"end":{"line":45,"column":41}},"45":{"start":{"line":46,"column":0},"end":{"line":46,"column":27}},"46":{"start":{"line":47,"column":0},"end":{"line":47,"column":1}}},"s":{"18":1,"19":8,"20":1,"21":1,"22":8,"23":1,"24":1,"25":8,"26":1,"27":1,"28":8,"29":1,"30":1,"31":4,"32":4,"35":1,"36":2,"37":2,"38":2,"41":1,"42":1,"43":1,"44":1,"45":1,"46":1},"branchMap":{"0":{"type":"branch","line":19,"loc":{"start":{"line":19,"column":7},"end":{"line":33,"column":1}},"locations":[{"start":{"line":19,"column":7},"end":{"line":33,"column":1}}]},"1":{"type":"branch","line":20,"loc":{"start":{"line":20,"column":82},"end":{"line":22,"column":3}},"locations":[{"start":{"line":20,"column":82},"end":{"line":22,"column":3}}]},"2":{"type":"branch","line":22,"loc":{"start":{"line":22,"column":2},"end":{"line":23,"column":62}},"locations":[{"start":{"line":22,"column":2},"end":{"line":23,"column":62}}]},"3":{"type":"branch","line":23,"loc":{"start":{"line":23,"column":62},"end":{"line":25,"column":3}},"locations":[{"start":{"line":23,"column":62},"end":{"line":25,"column":3}}]},"4":{"type":"branch","line":25,"loc":{"start":{"line":25,"column":2},"end":{"line":26,"column":64}},"locations":[{"start":{"line":25,"column":2},"end":{"line":26,"column":64}}]},"5":{"type":"branch","line":26,"loc":{"start":{"line":26,"column":64},"end":{"line":28,"column":3}},"locations":[{"start":{"line":26,"column":64},"end":{"line":28,"column":3}}]},"6":{"type":"branch","line":28,"loc":{"start":{"line":28,"column":2},"end":{"line":29,"column":35}},"locations":[{"start":{"line":28,"column":2},"end":{"line":29,"column":35}}]},"7":{"type":"branch","line":29,"loc":{"start":{"line":29,"column":35},"end":{"line":31,"column":3}},"locations":[{"start":{"line":29,"column":35},"end":{"line":31,"column":3}}]},"8":{"type":"branch","line":31,"loc":{"start":{"line":31,"column":2},"end":{"line":33,"column":1}},"locations":[{"start":{"line":31,"column":2},"end":{"line":33,"column":1}}]},"9":{"type":"branch","line":36,"loc":{"start":{"line":36,"column":7},"end":{"line":39,"column":1}},"locations":[{"start":{"line":36,"column":7},"end":{"line":39,"column":1}}]},"10":{"type":"branch","line":38,"loc":{"start":{"line":38,"column":21},"end":{"line":38,"column":30}},"locations":[{"start":{"line":38,"column":21},"end":{"line":38,"column":30}}]},"11":{"type":"branch","line":42,"loc":{"start":{"line":42,"column":7},"end":{"line":47,"column":1}},"locations":[{"start":{"line":42,"column":7},"end":{"line":47,"column":1}}]},"12":{"type":"branch","line":44,"loc":{"start":{"line":44,"column":20},"end":{"line":44,"column":29}},"locations":[{"start":{"line":44,"column":20},"end":{"line":44,"column":29}}]},"13":{"type":"branch","line":46,"loc":{"start":{"line":46,"column":19},"end":{"line":46,"column":27}},"locations":[{"start":{"line":46,"column":19},"end":{"line":46,"column":27}}]}},"b":{"0":[8],"1":[1],"2":[7],"3":[1],"4":[6],"5":[1],"6":[5],"7":[1],"8":[4],"9":[2],"10":[0],"11":[1],"12":[0],"13":[0]},"fnMap":{"0":{"name":"calculateRefund","decl":{"start":{"line":19,"column":7},"end":{"line":33,"column":1}},"loc":{"start":{"line":19,"column":7},"end":{"line":33,"column":1}},"line":19},"1":{"name":"refundFee","decl":{"start":{"line":36,"column":7},"end":{"line":39,"column":1}},"loc":{"start":{"line":36,"column":7},"end":{"line":39,"column":1}},"line":36},"2":{"name":"netRefund","decl":{"start":{"line":42,"column":7},"end":{"line":47,"column":1}},"loc":{"start":{"line":42,"column":7},"end":{"line":47,"column":1}},"line":42}},"f":{"0":8,"1":2,"2":1}}
}
