{"/Users/dmoka/dev/ticket-bay/src/booking.ts": {"path":"/Users/dmoka/dev/ticket-bay/src/booking.ts","all":false,"statementMap":{"10":{"start":{"line":11,"column":0},"end":{"line":11,"column":51}},"11":{"start":{"line":12,"column":0},"end":{"line":12,"column":44}},"12":{"start":{"line":13,"column":0},"end":{"line":13,"column":29}},"13":{"start":{"line":14,"column":0},"end":{"line":14,"column":1}},"16":{"start":{"line":17,"column":0},"end":{"line":17,"column":79}},"17":{"start":{"line":18,"column":0},"end":{"line":18,"column":68}},"18":{"start":{"line":19,"column":0},"end":{"line":19,"column":71}},"19":{"start":{"line":20,"column":0},"end":{"line":20,"column":34}},"20":{"start":{"line":21,"column":0},"end":{"line":21,"column":64}},"21":{"start":{"line":22,"column":0},"end":{"line":22,"column":60}},"22":{"start":{"line":23,"column":0},"end":{"line":23,"column":1}},"25":{"start":{"line":26,"column":0},"end":{"line":26,"column":50}},"26":{"start":{"line":27,"column":0},"end":{"line":27,"column":25}},"27":{"start":{"line":28,"column":0},"end":{"line":28,"column":23}},"28":{"start":{"line":29,"column":0},"end":{"line":29,"column":11}},"29":{"start":{"line":30,"column":0},"end":{"line":30,"column":1}}},"s":{"10":1,"11":5,"12":5,"13":5,"16":1,"17":4,"18":4,"19":2,"20":2,"21":2,"22":2,"25":1,"26":3,"27":3,"28":1,"29":1},"branchMap":{"0":{"type":"branch","line":11,"loc":{"start":{"line":11,"column":7},"end":{"line":14,"column":1}},"locations":[{"start":{"line":11,"column":7},"end":{"line":14,"column":1}}]},"1":{"type":"branch","line":13,"loc":{"start":{"line":13,"column":16},"end":{"line":13,"column":27}},"locations":[{"start":{"line":13,"column":16},"end":{"line":13,"column":27}}]},"2":{"type":"branch","line":13,"loc":{"start":{"line":13,"column":20},"end":{"line":13,"column":29}},"locations":[{"start":{"line":13,"column":20},"end":{"line":13,"column":29}}]},"3":{"type":"branch","line":17,"loc":{"start":{"line":17,"column":7},"end":{"line":23,"column":1}},"locations":[{"start":{"line":17,"column":7},"end":{"line":23,"column":1}}]},"4":{"type":"branch","line":18,"loc":{"start":{"line":18,"column":14},"end":{"line":18,"column":68}},"locations":[{"start":{"line":18,"column":14},"end":{"line":18,"column":68}}]},"5":{"type":"branch","line":18,"loc":{"start":{"line":18,"column":66},"end":{"line":19,"column":36}},"locations":[{"start":{"line":18,"column":66},"end":{"line":19,"column":36}}]},"6":{"type":"branch","line":19,"loc":{"start":{"line":19,"column":30},"end":{"line":19,"column":71}},"locations":[{"start":{"line":19,"column":30},"end":{"line":19,"column":71}}]},"7":{"type":"branch","line":19,"loc":{"start":{"line":19,"column":69},"end":{"line":23,"column":1}},"locations":[{"start":{"line":19,"column":69},"end":{"line":23,"column":1}}]},"8":{"type":"branch","line":26,"loc":{"start":{"line":26,"column":7},"end":{"line":30,"column":1}},"locations":[{"start":{"line":26,"column":7},"end":{"line":30,"column":1}}]},"9":{"type":"branch","line":27,"loc":{"start":{"line":27,"column":15},"end":{"line":27,"column":25}},"locations":[{"start":{"line":27,"column":15},"end":{"line":27,"column":25}}]},"10":{"type":"branch","line":27,"loc":{"start":{"line":27,"column":22},"end":{"line":28,"column":21}},"locations":[{"start":{"line":27,"column":22},"end":{"line":28,"column":21}}]},"11":{"type":"branch","line":28,"loc":{"start":{"line":28,"column":14},"end":{"line":30,"column":1}},"locations":[{"start":{"line":28,"column":14},"end":{"line":30,"column":1}}]}},"b":{"0":[5],"1":[4],"2":[1],"3":[4],"4":[1],"5":[3],"6":[1],"7":[2],"8":[3],"9":[1],"10":[2],"11":[1]},"fnMap":{"0":{"name":"seatsAvailable","decl":{"start":{"line":11,"column":7},"end":{"line":14,"column":1}},"loc":{"start":{"line":11,"column":7},"end":{"line":14,"column":1}},"line":11},"1":{"name":"bookTickets","decl":{"start":{"line":17,"column":7},"end":{"line":23,"column":1}},"loc":{"start":{"line":17,"column":7},"end":{"line":23,"column":1}},"line":17},"2":{"name":"groupDiscount","decl":{"start":{"line":26,"column":7},"end":{"line":30,"column":1}},"loc":{"start":{"line":26,"column":7},"end":{"line":30,"column":1}},"line":26}},"f":{"0":5,"1":4,"2":3}}
,"/Users/dmoka/dev/ticket-bay/src/fees.ts": {"path":"/Users/dmoka/dev/ticket-bay/src/fees.ts","all":false,"statementMap":{"1":{"start":{"line":2,"column":0},"end":{"line":2,"column":56}},"2":{"start":{"line":3,"column":0},"end":{"line":3,"column":44}},"3":{"start":{"line":4,"column":0},"end":{"line":4,"column":28}},"4":{"start":{"line":5,"column":0},"end":{"line":5,"column":30}},"5":{"start":{"line":6,"column":0},"end":{"line":6,"column":13}},"6":{"start":{"line":7,"column":0},"end":{"line":7,"column":1}},"9":{"start":{"line":10,"column":0},"end":{"line":10,"column":77}},"10":{"start":{"line":11,"column":0},"end":{"line":11,"column":70}},"11":{"start":{"line":12,"column":0},"end":{"line":12,"column":1}}},"s":{"1":1,"2":3,"3":3,"4":3,"5":1,"6":1,"9":1,"10":2,"11":2},"branchMap":{"0":{"type":"branch","line":2,"loc":{"start":{"line":2,"column":7},"end":{"line":7,"column":1}},"locations":[{"start":{"line":2,"column":7},"end":{"line":7,"column":1}}]},"1":{"type":"branch","line":4,"loc":{"start":{"line":4,"column":17},"end":{"line":4,"column":28}},"locations":[{"start":{"line":4,"column":17},"end":{"line":4,"column":28}}]},"2":{"type":"branch","line":4,"loc":{"start":{"line":4,"column":24},"end":{"line":5,"column":25}},"locations":[{"start":{"line":4,"column":24},"end":{"line":5,"column":25}}]},"3":{"type":"branch","line":5,"loc":{"start":{"line":5,"column":18},"end":{"line":7,"column":1}},"locations":[{"start":{"line":5,"column":18},"end":{"line":7,"column":1}}]},"4":{"type":"branch","line":10,"loc":{"start":{"line":10,"column":7},"end":{"line":12,"column":1}},"locations":[{"start":{"line":10,"column":7},"end":{"line":12,"column":1}}]}},"b":{"0":[3],"1":[1],"2":[2],"3":[1],"4":[2]},"fnMap":{"0":{"name":"serviceFee","decl":{"start":{"line":2,"column":7},"end":{"line":7,"column":1}},"loc":{"start":{"line":2,"column":7},"end":{"line":7,"column":1}},"line":2},"1":{"name":"vatPortion","decl":{"start":{"line":10,"column":7},"end":{"line":12,"column":1}},"loc":{"start":{"line":10,"column":7},"end":{"line":12,"column":1}},"line":10}},"f":{"0":3,"1":2}}
,"/Users/dmoka/dev/ticket-bay/src/refund.ts": {"path":"/Users/dmoka/dev/ticket-bay/src/refund.ts","all":false,"statementMap":{"14":{"start":{"line":15,"column":0},"end":{"line":15,"column":74}},"15":{"start":{"line":16,"column":0},"end":{"line":16,"column":83}},"16":{"start":{"line":17,"column":0},"end":{"line":17,"column":59}},"17":{"start":{"line":18,"column":0},"end":{"line":18,"column":3}},"18":{"start":{"line":19,"column":0},"end":{"line":19,"column":63}},"19":{"start":{"line":20,"column":0},"end":{"line":20,"column":64}},"20":{"start":{"line":21,"column":0},"end":{"line":21,"column":3}},"21":{"start":{"line":22,"column":0},"end":{"line":22,"column":65}},"22":{"start":{"line":23,"column":0},"end":{"line":23,"column":50}},"23":{"start":{"line":24,"column":0},"end":{"line":24,"column":3}},"24":{"start":{"line":25,"column":0},"end":{"line":25,"column":53}},"25":{"start":{"line":26,"column":0},"end":{"line":26,"column":38}},"26":{"start":{"line":27,"column":0},"end":{"line":27,"column":63}},"27":{"start":{"line":28,"column":0},"end":{"line":28,"column":32}},"28":{"start":{"line":29,"column":0},"end":{"line":29,"column":1}},"31":{"start":{"line":32,"column":0},"end":{"line":32,"column":56}},"32":{"start":{"line":33,"column":0},"end":{"line":33,"column":45}},"33":{"start":{"line":34,"column":0},"end":{"line":34,"column":30}},"34":{"start":{"line":35,"column":0},"end":{"line":35,"column":1}},"37":{"start":{"line":38,"column":0},"end":{"line":38,"column":68}},"38":{"start":{"line":39,"column":0},"end":{"line":39,"column":51}},"39":{"start":{"line":40,"column":0},"end":{"line":40,"column":29}},"40":{"start":{"line":41,"column":0},"end":{"line":41,"column":41}},"41":{"start":{"line":42,"column":0},"end":{"line":42,"column":27}},"42":{"start":{"line":43,"column":0},"end":{"line":43,"column":1}}},"s":{"14":1,"15":7,"16":1,"17":1,"18":7,"19":1,"20":1,"21":7,"22":1,"23":1,"24":4,"25":4,"26":4,"27":4,"28":4,"31":1,"32":2,"33":2,"34":2,"37":1,"38":1,"39":1,"40":1,"41":1,"42":1},"branchMap":{"0":{"type":"branch","line":15,"loc":{"start":{"line":15,"column":7},"end":{"line":29,"column":1}},"locations":[{"start":{"line":15,"column":7},"end":{"line":29,"column":1}}]},"1":{"type":"branch","line":16,"loc":{"start":{"line":16,"column":82},"end":{"line":18,"column":3}},"locations":[{"start":{"line":16,"column":82},"end":{"line":18,"column":3}}]},"2":{"type":"branch","line":18,"loc":{"start":{"line":18,"column":2},"end":{"line":19,"column":62}},"locations":[{"start":{"line":18,"column":2},"end":{"line":19,"column":62}}]},"3":{"type":"branch","line":19,"loc":{"start":{"line":19,"column":62},"end":{"line":21,"column":3}},"locations":[{"start":{"line":19,"column":62},"end":{"line":21,"column":3}}]},"4":{"type":"branch","line":21,"loc":{"start":{"line":21,"column":2},"end":{"line":22,"column":64}},"locations":[{"start":{"line":21,"column":2},"end":{"line":22,"column":64}}]},"5":{"type":"branch","line":22,"loc":{"start":{"line":22,"column":64},"end":{"line":24,"column":3}},"locations":[{"start":{"line":22,"column":64},"end":{"line":24,"column":3}}]},"6":{"type":"branch","line":24,"loc":{"start":{"line":24,"column":2},"end":{"line":29,"column":1}},"locations":[{"start":{"line":24,"column":2},"end":{"line":29,"column":1}}]},"7":{"type":"branch","line":32,"loc":{"start":{"line":32,"column":7},"end":{"line":35,"column":1}},"locations":[{"start":{"line":32,"column":7},"end":{"line":35,"column":1}}]},"8":{"type":"branch","line":34,"loc":{"start":{"line":34,"column":21},"end":{"line":34,"column":30}},"locations":[{"start":{"line":34,"column":21},"end":{"line":34,"column":30}}]},"9":{"type":"branch","line":38,"loc":{"start":{"line":38,"column":7},"end":{"line":43,"column":1}},"locations":[{"start":{"line":38,"column":7},"end":{"line":43,"column":1}}]},"10":{"type":"branch","line":40,"loc":{"start":{"line":40,"column":20},"end":{"line":40,"column":29}},"locations":[{"start":{"line":40,"column":20},"end":{"line":40,"column":29}}]},"11":{"type":"branch","line":42,"loc":{"start":{"line":42,"column":19},"end":{"line":42,"column":27}},"locations":[{"start":{"line":42,"column":19},"end":{"line":42,"column":27}}]}},"b":{"0":[7],"1":[1],"2":[6],"3":[1],"4":[5],"5":[1],"6":[4],"7":[2],"8":[0],"9":[1],"10":[0],"11":[0]},"fnMap":{"0":{"name":"calculateRefund","decl":{"start":{"line":15,"column":7},"end":{"line":29,"column":1}},"loc":{"start":{"line":15,"column":7},"end":{"line":29,"column":1}},"line":15},"1":{"name":"refundFee","decl":{"start":{"line":32,"column":7},"end":{"line":35,"column":1}},"loc":{"start":{"line":32,"column":7},"end":{"line":35,"column":1}},"line":32},"2":{"name":"netRefund","decl":{"start":{"line":38,"column":7},"end":{"line":43,"column":1}},"loc":{"start":{"line":38,"column":7},"end":{"line":43,"column":1}},"line":38}},"f":{"0":7,"1":2,"2":1}}
}
